<?xml version="1.0" encoding="UTF-8"?>
<!-- Generated by org.testng.reporters.JUnitReportReporter -->
<testsuite hostname="Arafeh" failures="0" tests="9" name="codenboxautomationlab1.codenboxautomationlab1.AppTest" time="3.152" errors="0" timestamp="2025-04-26T01:09:23 AST" skipped="7">
  <testcase classname="codenboxautomationlab1.codenboxautomationlab1.AppTest" name="TableTest" time="0.672"/>
  <testcase classname="codenboxautomationlab1.codenboxautomationlab1.AppTest" name="HideAndShow" time="2.480"/>
  <testcase classname="codenboxautomationlab1.codenboxautomationlab1.AppTest" name="AlertTest">
    <skipped/>
  </testcase> <!-- AlertTest -->
  <testcase classname="codenboxautomationlab1.codenboxautomationlab1.AppTest" name="SelectTag">
    <skipped/>
  </testcase> <!-- SelectTag -->
  <testcase classname="codenboxautomationlab1.codenboxautomationlab1.AppTest" name="SwitchWindow">
    <skipped/>
  </testcase> <!-- SwitchWindow -->
  <testcase classname="codenboxautomationlab1.codenboxautomationlab1.AppTest" name="RadioButton">
    <skipped/>
  </testcase> <!-- RadioButton -->
  <testcase classname="codenboxautomationlab1.codenboxautomationlab1.AppTest" name="Dynamic_Dropdown">
    <skipped/>
  </testcase> <!-- Dynamic_Dropdown -->
  <testcase classname="codenboxautomationlab1.codenboxautomationlab1.AppTest" name="CheckBoxTag">
    <skipped/>
  </testcase> <!-- CheckBoxTag -->
  <testcase classname="codenboxautomationlab1.codenboxautomationlab1.AppTest" name="SwitchTab">
    <skipped/>
  </testcase> <!-- SwitchTab -->
</testsuite> <!-- codenboxautomationlab1.codenboxautomationlab1.AppTest -->
